This file contains any messages produced by compilers while
running configure, to aid debugging if configure makes a mistake.

It was created by configure, which was
generated by GNU Autoconf 2.69.  Invocation command line was

  $ ./configure 

## --------- ##
## Platform. ##
## --------- ##

hostname = ruben-1025C
uname -m = i686
uname -r = 4.4.0-38-generic
uname -s = Linux
uname -v = #57-Ubuntu SMP Tue Sep 6 15:41:41 UTC 2016

/usr/bin/uname -p = unknown
/bin/uname -X     = unknown

/bin/arch              = unknown
/usr/bin/arch -k       = unknown
/usr/convex/getsysinfo = unknown
/usr/bin/hostinfo      = unknown
/bin/machine           = unknown
/usr/bin/oslevel       = unknown
/bin/universe          = unknown

PATH: /usr/local/sbin
PATH: /usr/local/bin
PATH: /usr/sbin
PATH: /usr/bin
PATH: /sbin
PATH: /bin
PATH: /usr/games
PATH: /usr/local/games
PATH: /snap/bin


## ----------- ##
## Core tests. ##
## ----------- ##

configure:2113: checking for a BSD-compatible install
configure:2181: result: /usr/bin/install -c
configure:2192: checking whether build environment is sane
configure:2247: result: yes
configure:2398: checking for a thread-safe mkdir -p
configure:2437: result: /bin/mkdir -p
configure:2444: checking for gawk
configure:2474: result: no
configure:2444: checking for mawk
configure:2460: found /usr/bin/mawk
configure:2471: result: mawk
configure:2482: checking whether make sets $(MAKE)
configure:2504: result: yes
configure:2635: checking for gcc
configure:2651: found /usr/bin/gcc
configure:2662: result: gcc
configure:2891: checking for C compiler version
configure:2900: gcc --version >&5
gcc (Ubuntu 5.4.0-6ubuntu1~16.04.2) 5.4.0 20160609
Copyright (C) 2015 Free Software Foundation, Inc.
This is free software; see the source for copying conditions.  There is NO
warranty; not even for MERCHANTABILITY or FITNESS FOR A PARTICULAR PURPOSE.

configure:2911: $? = 0
configure:2900: gcc -v >&5
Using built-in specs.
COLLECT_GCC=gcc
COLLECT_LTO_WRAPPER=/usr/lib/gcc/i686-linux-gnu/5/lto-wrapper
Target: i686-linux-gnu
Configured with: ../src/configure -v --with-pkgversion='Ubuntu 5.4.0-6ubuntu1~16.04.2' --with-bugurl=file:///usr/share/doc/gcc-5/README.Bugs --enable-languages=c,ada,c++,java,go,d,fortran,objc,obj-c++ --prefix=/usr --program-suffix=-5 --enable-shared --enable-linker-build-id --libexecdir=/usr/lib --without-included-gettext --enable-threads=posix --libdir=/usr/lib --enable-nls --with-sysroot=/ --enable-clocale=gnu --enable-libstdcxx-debug --enable-libstdcxx-time=yes --with-default-libstdcxx-abi=new --enable-gnu-unique-object --disable-vtable-verify --enable-libmpx --enable-plugin --with-system-zlib --disable-browser-plugin --enable-java-awt=gtk --enable-gtk-cairo --with-java-home=/usr/lib/jvm/java-1.5.0-gcj-5-i386/jre --enable-java-home --with-jvm-root-dir=/usr/lib/jvm/java-1.5.0-gcj-5-i386 --with-jvm-jar-dir=/usr/lib/jvm-exports/java-1.5.0-gcj-5-i386 --with-arch-directory=i386 --with-ecj-jar=/usr/share/java/eclipse-ecj.jar --enable-objc-gc --enable-targets=all --enable-multiarch --disable-werror --with-arch-32=i686 --with-multilib-list=m32,m64,mx32 --enable-multilib --with-tune=generic --enable-checking=release --build=i686-linux-gnu --host=i686-linux-gnu --target=i686-linux-gnu
Thread model: posix
gcc version 5.4.0 20160609 (Ubuntu 5.4.0-6ubuntu1~16.04.2) 
configure:2911: $? = 0
configure:2900: gcc -V >&5
gcc: error: unrecognized command line option '-V'
gcc: fatal error: no input files
compilation terminated.
configure:2911: $? = 1
configure:2900: gcc -qversion >&5
gcc: error: unrecognized command line option '-qversion'
gcc: fatal error: no input files
compilation terminated.
configure:2911: $? = 1
configure:2931: checking whether the C compiler works
configure:2953: gcc    conftest.c  >&5
configure:2957: $? = 0
configure:3005: result: yes
configure:3008: checking for C compiler default output file name
configure:3010: result: a.out
configure:3016: checking for suffix of executables
configure:3023: gcc -o conftest    conftest.c  >&5
configure:3027: $? = 0
configure:3049: result: 
configure:3071: checking whether we are cross compiling
configure:3079: gcc -o conftest    conftest.c  >&5
configure:3083: $? = 0
configure:3090: ./conftest
configure:3094: $? = 0
configure:3109: result: no
configure:3114: checking for suffix of object files
configure:3136: gcc -c   conftest.c >&5
configure:3140: $? = 0
configure:3161: result: o
configure:3165: checking whether we are using the GNU C compiler
configure:3184: gcc -c   conftest.c >&5
configure:3184: $? = 0
configure:3193: result: yes
configure:3202: checking whether gcc accepts -g
configure:3222: gcc -c -g  conftest.c >&5
configure:3222: $? = 0
configure:3263: result: yes
configure:3280: checking for gcc option to accept ISO C89
configure:3343: gcc  -c -g -O2  conftest.c >&5
configure:3343: $? = 0
configure:3356: result: none needed
configure:3387: checking for style of include used by make
configure:3415: result: GNU
configure:3441: checking dependency style of gcc
configure:3552: result: gcc3
configure:3610: checking for ranlib
configure:3626: found /usr/bin/ranlib
configure:3637: result: ranlib
configure:3705: checking for ar
configure:3721: found /usr/bin/ar
configure:3732: result: ar
configure:3757: checking for xml2-config
configure:3775: found /usr/bin/xml2-config
configure:3788: result: /usr/bin/xml2-config
configure:3813: checking how to run the C preprocessor
configure:3844: gcc -E  conftest.c
configure:3844: $? = 0
configure:3858: gcc -E  conftest.c
conftest.c:11:28: fatal error: ac_nonexistent.h: No such file or directory
compilation terminated.
configure:3858: $? = 1
configure: failed program was:
| /* confdefs.h */
| #define PACKAGE_NAME ""
| #define PACKAGE_TARNAME ""
| #define PACKAGE_VERSION ""
| #define PACKAGE_STRING ""
| #define PACKAGE_BUGREPORT ""
| #define PACKAGE_URL ""
| #define PACKAGE "dia2code"
| #define VERSION "0.8.7"
| /* end confdefs.h.  */
| #include <ac_nonexistent.h>
configure:3883: result: gcc -E
configure:3903: gcc -E  conftest.c
configure:3903: $? = 0
configure:3917: gcc -E  conftest.c
conftest.c:11:28: fatal error: ac_nonexistent.h: No such file or directory
compilation terminated.
configure:3917: $? = 1
configure: failed program was:
| /* confdefs.h */
| #define PACKAGE_NAME ""
| #define PACKAGE_TARNAME ""
| #define PACKAGE_VERSION ""
| #define PACKAGE_STRING ""
| #define PACKAGE_BUGREPORT ""
| #define PACKAGE_URL ""
| #define PACKAGE "dia2code"
| #define VERSION "0.8.7"
| /* end confdefs.h.  */
| #include <ac_nonexistent.h>
configure:3946: checking for grep that handles long lines and -e
configure:4004: result: /bin/grep
configure:4009: checking for egrep
configure:4071: result: /bin/grep -E
configure:4076: checking for ANSI C header files
configure:4096: gcc -c -g -O2  conftest.c >&5
configure:4096: $? = 0
configure:4169: gcc -o conftest -g -O2   conftest.c  -lxml2 >&5
configure:4169: $? = 0
configure:4169: ./conftest
configure:4169: $? = 0
configure:4180: result: yes
configure:4193: checking for sys/types.h
configure:4193: gcc -c -g -O2  conftest.c >&5
configure:4193: $? = 0
configure:4193: result: yes
configure:4193: checking for sys/stat.h
configure:4193: gcc -c -g -O2  conftest.c >&5
configure:4193: $? = 0
configure:4193: result: yes
configure:4193: checking for stdlib.h
configure:4193: gcc -c -g -O2  conftest.c >&5
configure:4193: $? = 0
configure:4193: result: yes
configure:4193: checking for string.h
configure:4193: gcc -c -g -O2  conftest.c >&5
configure:4193: $? = 0
configure:4193: result: yes
configure:4193: checking for memory.h
configure:4193: gcc -c -g -O2  conftest.c >&5
configure:4193: $? = 0
configure:4193: result: yes
configure:4193: checking for strings.h
configure:4193: gcc -c -g -O2  conftest.c >&5
configure:4193: $? = 0
configure:4193: result: yes
configure:4193: checking for inttypes.h
configure:4193: gcc -c -g -O2  conftest.c >&5
configure:4193: $? = 0
configure:4193: result: yes
configure:4193: checking for stdint.h
configure:4193: gcc -c -g -O2  conftest.c >&5
configure:4193: $? = 0
configure:4193: result: yes
configure:4193: checking for unistd.h
configure:4193: gcc -c -g -O2  conftest.c >&5
configure:4193: $? = 0
configure:4193: result: yes
configure:4207: checking dlfcn.h usability
configure:4207: gcc -c -g -O2  conftest.c >&5
configure:4207: $? = 0
configure:4207: result: yes
configure:4207: checking dlfcn.h presence
configure:4207: gcc -E  conftest.c
configure:4207: $? = 0
configure:4207: result: yes
configure:4207: checking for dlfcn.h
configure:4207: result: yes
configure:4218: checking for dlopen in -ldl
configure:4243: gcc -o conftest -g -O2   conftest.c -ldl   -lxml2 >&5
configure:4243: $? = 0
configure:4252: result: yes
configure:4372: checking that generated files are newer than configure
configure:4378: result: done
configure:4401: creating ./config.status

## ---------------------- ##
## Running config.status. ##
## ---------------------- ##

This file was extended by config.status, which was
generated by GNU Autoconf 2.69.  Invocation command line was

  CONFIG_FILES    = 
  CONFIG_HEADERS  = 
  CONFIG_LINKS    = 
  CONFIG_COMMANDS = 
  $ ./config.status 

on ruben-1025C

config.status:856: creating Makefile
config.status:856: creating dia2code/Makefile
config.status:856: creating dia2code/docs/Makefile
config.status:856: creating dia2code/docs/en/Makefile
config.status:856: creating config.h
config.status:1085: executing depfiles commands

## ---------------- ##
## Cache variables. ##
## ---------------- ##

ac_cv_c_compiler_gnu=yes
ac_cv_env_CC_set=
ac_cv_env_CC_value=
ac_cv_env_CFLAGS_set=
ac_cv_env_CFLAGS_value=
ac_cv_env_CPPFLAGS_set=
ac_cv_env_CPPFLAGS_value=
ac_cv_env_CPP_set=
ac_cv_env_CPP_value=
ac_cv_env_LDFLAGS_set=
ac_cv_env_LDFLAGS_value=
ac_cv_env_LIBS_set=
ac_cv_env_LIBS_value=
ac_cv_env_build_alias_set=
ac_cv_env_build_alias_value=
ac_cv_env_host_alias_set=
ac_cv_env_host_alias_value=
ac_cv_env_target_alias_set=
ac_cv_env_target_alias_value=
ac_cv_header_dlfcn_h=yes
ac_cv_header_inttypes_h=yes
ac_cv_header_memory_h=yes
ac_cv_header_stdc=yes
ac_cv_header_stdint_h=yes
ac_cv_header_stdlib_h=yes
ac_cv_header_string_h=yes
ac_cv_header_strings_h=yes
ac_cv_header_sys_stat_h=yes
ac_cv_header_sys_types_h=yes
ac_cv_header_unistd_h=yes
ac_cv_lib_dl_dlopen=yes
ac_cv_objext=o
ac_cv_path_EGREP='/bin/grep -E'
ac_cv_path_GREP=/bin/grep
ac_cv_path_XML_CONFIG=/usr/bin/xml2-config
ac_cv_path_install='/usr/bin/install -c'
ac_cv_path_mkdir=/bin/mkdir
ac_cv_prog_AWK=mawk
ac_cv_prog_CPP='gcc -E'
ac_cv_prog_ac_ct_AR=ar
ac_cv_prog_ac_ct_CC=gcc
ac_cv_prog_ac_ct_RANLIB=ranlib
ac_cv_prog_cc_c89=
ac_cv_prog_cc_g=yes
ac_cv_prog_make_make_set=yes
am_cv_CC_dependencies_compiler_type=gcc3

## ----------------- ##
## Output variables. ##
## ----------------- ##

ACLOCAL='${SHELL} /home/ruben/Documents/Ensea/3A/PLT/starterkit/dia2code/dia2code-0.8.7/missing --run aclocal-1.12'
AMDEPBACKSLASH='\'
AMDEP_FALSE='#'
AMDEP_TRUE=''
AMTAR='$${TAR-tar}'
AR='ar'
AUTOCONF='${SHELL} /home/ruben/Documents/Ensea/3A/PLT/starterkit/dia2code/dia2code-0.8.7/missing --run autoconf'
AUTOHEADER='${SHELL} /home/ruben/Documents/Ensea/3A/PLT/starterkit/dia2code/dia2code-0.8.7/missing --run autoheader'
AUTOMAKE='${SHELL} /home/ruben/Documents/Ensea/3A/PLT/starterkit/dia2code/dia2code-0.8.7/missing --run automake-1.12'
AWK='mawk'
CC='gcc'
CCDEPMODE='depmode=gcc3'
CFLAGS='-g -O2'
CPP='gcc -E'
CPPFLAGS=' -DDSO'
CYGPATH_W='echo'
DEFS='-DHAVE_CONFIG_H'
DEPDIR='.deps'
ECHO_C=''
ECHO_N='-n'
ECHO_T=''
EGREP='/bin/grep -E'
EXEEXT=''
GREP='/bin/grep'
INSTALL_DATA='${INSTALL} -m 644'
INSTALL_PROGRAM='${INSTALL}'
INSTALL_SCRIPT='${INSTALL}'
INSTALL_STRIP_PROGRAM='$(install_sh) -c -s'
LDFLAGS=' -rdynamic'
LIBOBJS=''
LIBS=' -lxml2 -ldl'
LTLIBOBJS=''
MAKEINFO='${SHELL} /home/ruben/Documents/Ensea/3A/PLT/starterkit/dia2code/dia2code-0.8.7/missing --run makeinfo'
MKDIR_P='/bin/mkdir -p'
OBJEXT='o'
PACKAGE='dia2code'
PACKAGE_BUGREPORT=''
PACKAGE_NAME=''
PACKAGE_STRING=''
PACKAGE_TARNAME=''
PACKAGE_URL=''
PACKAGE_VERSION=''
PATH_SEPARATOR=':'
RANLIB='ranlib'
SET_MAKE=''
SHELL='/bin/bash'
STRIP=''
VERSION='0.8.7'
XML_CONFIG='/usr/bin/xml2-config'
XML_INCLUDES='-I/usr/include/libxml2'
ac_ct_CC='gcc'
am__EXEEXT_FALSE=''
am__EXEEXT_TRUE='#'
am__fastdepCC_FALSE='#'
am__fastdepCC_TRUE=''
am__include='include'
am__isrc=''
am__leading_dot='.'
am__nodep='_no'
am__quote=''
am__tar='$${TAR-tar} chof - "$$tardir"'
am__untar='$${TAR-tar} xf -'
bindir='${exec_prefix}/bin'
build_alias=''
datadir='${datarootdir}'
datarootdir='${prefix}/share'
docdir='${datarootdir}/doc/${PACKAGE}'
dvidir='${docdir}'
exec_prefix='${prefix}'
host_alias=''
htmldir='${docdir}'
includedir='${prefix}/include'
infodir='${datarootdir}/info'
install_sh='${SHELL} /home/ruben/Documents/Ensea/3A/PLT/starterkit/dia2code/dia2code-0.8.7/install-sh'
libdir='${exec_prefix}/lib'
libexecdir='${exec_prefix}/libexec'
localedir='${datarootdir}/locale'
localstatedir='${prefix}/var'
mandir='${datarootdir}/man'
mkdir_p='/bin/mkdir -p'
oldincludedir='/usr/include'
pdfdir='${docdir}'
prefix='/usr/local'
program_transform_name='s,x,x,'
psdir='${docdir}'
sbindir='${exec_prefix}/sbin'
sharedstatedir='${prefix}/com'
sysconfdir='${prefix}/etc'
target_alias=''

## ----------- ##
## confdefs.h. ##
## ----------- ##

/* confdefs.h */
#define PACKAGE_NAME ""
#define PACKAGE_TARNAME ""
#define PACKAGE_VERSION ""
#define PACKAGE_STRING ""
#define PACKAGE_BUGREPORT ""
#define PACKAGE_URL ""
#define PACKAGE "dia2code"
#define VERSION "0.8.7"
#define STDC_HEADERS 1
#define HAVE_SYS_TYPES_H 1
#define HAVE_SYS_STAT_H 1
#define HAVE_STDLIB_H 1
#define HAVE_STRING_H 1
#define HAVE_MEMORY_H 1
#define HAVE_STRINGS_H 1
#define HAVE_INTTYPES_H 1
#define HAVE_STDINT_H 1
#define HAVE_UNISTD_H 1
#define HAVE_DLFCN_H 1

configure: exit 0
